<?xml version="1.0" encoding="UTF-8"?>
<coverage generated="1702444629766" clover="3.2.0">
  <project timestamp="1702444629766" name="All files">
    <metrics statements="15" coveredstatements="15" conditionals="4" coveredconditionals="4" methods="9" coveredmethods="9" elements="28" coveredelements="28" complexity="0" loc="15" ncloc="15" packages="1" files="3" classes="3"/>
    <file name="Async.js" path="/home/divum/Documents/react-course/react-testing/src/components/Async.js">
      <metrics statements="8" coveredstatements="8" conditionals="0" coveredconditionals="0" methods="5" coveredmethods="5"/>
      <line num="3" count="1" type="stmt"/>
      <line num="4" count="2" type="stmt"/>
      <line num="6" count="2" type="stmt"/>
      <line num="7" count="1" type="stmt"/>
      <line num="8" count="1" type="stmt"/>
      <line num="10" count="1" type="stmt"/>
      <line num="14" count="2" type="stmt"/>
      <line num="18" count="1" type="stmt"/>
    </file>
    <file name="Greeting.jsx" path="/home/divum/Documents/react-course/react-testing/src/components/Greeting.jsx">
      <metrics statements="5" coveredstatements="5" conditionals="4" coveredconditionals="4" methods="3" coveredmethods="3"/>
      <line num="4" count="1" type="stmt"/>
      <line num="5" count="4" type="stmt"/>
      <line num="7" count="4" type="stmt"/>
      <line num="8" count="1" type="stmt"/>
      <line num="10" count="4" type="stmt"/>
    </file>
    <file name="Output.jsx" path="/home/divum/Documents/react-course/react-testing/src/components/Output.jsx">
      <metrics statements="2" coveredstatements="2" conditionals="0" coveredconditionals="0" methods="1" coveredmethods="1"/>
      <line num="3" count="1" type="stmt"/>
      <line num="4" count="4" type="stmt"/>
    </file>
  </project>
</coverage>
