{"/home/divum/Documents/react-course/react-testing/src/components/Async.js": {"path":"/home/divum/Documents/react-course/react-testing/src/components/Async.js","statementMap":{"0":{"start":{"line":3,"column":14},"end":{"line":23,"column":1}},"1":{"start":{"line":4,"column":28},"end":{"line":4,"column":40}},"2":{"start":{"line":6,"column":2},"end":{"line":12,"column":9}},"3":{"start":{"line":7,"column":4},"end":{"line":11,"column":9}},"4":{"start":{"line":8,"column":26},"end":{"line":8,"column":41}},"5":{"start":{"line":10,"column":8},"end":{"line":10,"column":23}},"6":{"start":{"line":14,"column":2},"end":{"line":22,"column":4}},"7":{"start":{"line":18,"column":10},"end":{"line":18,"column":45}}},"fnMap":{"0":{"name":"(anonymous_0)","decl":{"start":{"line":3,"column":14},"end":{"line":3,"column":15}},"loc":{"start":{"line":3,"column":20},"end":{"line":23,"column":1}},"line":3},"1":{"name":"(anonymous_1)","decl":{"start":{"line":6,"column":12},"end":{"line":6,"column":13}},"loc":{"start":{"line":6,"column":18},"end":{"line":12,"column":3}},"line":6},"2":{"name":"(anonymous_2)","decl":{"start":{"line":8,"column":12},"end":{"line":8,"column":13}},"loc":{"start":{"line":8,"column":26},"end":{"line":8,"column":41}},"line":8},"3":{"name":"(anonymous_3)","decl":{"start":{"line":9,"column":12},"end":{"line":9,"column":13}},"loc":{"start":{"line":9,"column":22},"end":{"line":11,"column":7}},"line":9},"4":{"name":"(anonymous_4)","decl":{"start":{"line":17,"column":19},"end":{"line":17,"column":20}},"loc":{"start":{"line":18,"column":10},"end":{"line":18,"column":45}},"line":18}},"branchMap":{},"s":{"0":1,"1":2,"2":2,"3":1,"4":1,"5":1,"6":2,"7":100},"f":{"0":2,"1":1,"2":1,"3":1,"4":100},"b":{},"_coverageSchema":"1a1c01bbd47fc00a2c39e90264f33305004495a9","hash":"932aa585f7de1a1e6f1bdcedb07c430f3eb35ef4"}
,"/home/divum/Documents/react-course/react-testing/src/components/Greeting.jsx": {"path":"/home/divum/Documents/react-course/react-testing/src/components/Greeting.jsx","statementMap":{"0":{"start":{"line":4,"column":17},"end":{"line":18,"column":1}},"1":{"start":{"line":5,"column":36},"end":{"line":5,"column":51}},"2":{"start":{"line":7,"column":23},"end":{"line":9,"column":3}},"3":{"start":{"line":8,"column":4},"end":{"line":8,"column":34}},"4":{"start":{"line":8,"column":27},"end":{"line":8,"column":32}},"5":{"start":{"line":10,"column":2},"end":{"line":17,"column":4}}},"fnMap":{"0":{"name":"(anonymous_0)","decl":{"start":{"line":4,"column":17},"end":{"line":4,"column":18}},"loc":{"start":{"line":4,"column":23},"end":{"line":18,"column":1}},"line":4},"1":{"name":"(anonymous_1)","decl":{"start":{"line":7,"column":23},"end":{"line":7,"column":24}},"loc":{"start":{"line":7,"column":29},"end":{"line":9,"column":3}},"line":7},"2":{"name":"(anonymous_2)","decl":{"start":{"line":8,"column":17},"end":{"line":8,"column":18}},"loc":{"start":{"line":8,"column":27},"end":{"line":8,"column":32}},"line":8}},"branchMap":{"0":{"loc":{"start":{"line":13,"column":7},"end":{"line":13,"column":53}},"type":"binary-expr","locations":[{"start":{"line":13,"column":7},"end":{"line":13,"column":17}},{"start":{"line":13,"column":21},"end":{"line":13,"column":53}}],"line":13},"1":{"loc":{"start":{"line":14,"column":7},"end":{"line":14,"column":49}},"type":"binary-expr","locations":[{"start":{"line":14,"column":7},"end":{"line":14,"column":16}},{"start":{"line":14,"column":20},"end":{"line":14,"column":49}}],"line":14}},"s":{"0":1,"1":4,"2":4,"3":1,"4":1,"5":4},"f":{"0":4,"1":1,"2":1},"b":{"0":[4,3],"1":[4,1]},"_coverageSchema":"1a1c01bbd47fc00a2c39e90264f33305004495a9","hash":"2c7aa624546ecc0bb379705287b08d59bc9c2f2b"}
,"/home/divum/Documents/react-course/react-testing/src/components/Output.jsx": {"path":"/home/divum/Documents/react-course/react-testing/src/components/Output.jsx","statementMap":{"0":{"start":{"line":3,"column":15},"end":{"line":7,"column":1}},"1":{"start":{"line":4,"column":2},"end":{"line":6,"column":3}}},"fnMap":{"0":{"name":"(anonymous_0)","decl":{"start":{"line":3,"column":15},"end":{"line":3,"column":16}},"loc":{"start":{"line":3,"column":31},"end":{"line":7,"column":1}},"line":3}},"branchMap":{},"s":{"0":1,"1":4},"f":{"0":4},"b":{},"_coverageSchema":"1a1c01bbd47fc00a2c39e90264f33305004495a9","hash":"88e8720a10f9f1af1e12de922d77d97db4fc8dc1"}
}
