TN:
SF:src/components/Async.js
FN:3,(anonymous_0)
FN:6,(anonymous_1)
FN:8,(anonymous_2)
FN:9,(anonymous_3)
FN:17,(anonymous_4)
FNF:5
FNH:5
FNDA:2,(anonymous_0)
FNDA:1,(anonymous_1)
FNDA:1,(anonymous_2)
FNDA:1,(anonymous_3)
FNDA:100,(anonymous_4)
DA:3,1
DA:4,2
DA:6,2
DA:7,1
DA:8,1
DA:10,1
DA:14,2
DA:18,100
LF:8
LH:8
BRF:0
BRH:0
end_of_record
TN:
SF:src/components/Greeting.jsx
FN:4,(anonymous_0)
FN:7,(anonymous_1)
FN:8,(anonymous_2)
FNF:3
FNH:3
FNDA:4,(anonymous_0)
FNDA:1,(anonymous_1)
FNDA:1,(anonymous_2)
DA:4,1
DA:5,4
DA:7,4
DA:8,1
DA:10,4
LF:5
LH:5
BRDA:13,0,0,4
BRDA:13,0,1,3
BRDA:14,1,0,4
BRDA:14,1,1,1
BRF:4
BRH:4
end_of_record
TN:
SF:src/components/Output.jsx
FN:3,(anonymous_0)
FNF:1
FNH:1
FNDA:4,(anonymous_0)
DA:3,1
DA:4,4
LF:2
LH:2
BRF:0
BRH:0
end_of_record
